#
# There is insufficient memory for the Java Runtime Environment to continue.
# Native memory allocation (malloc) failed to allocate 1871856 bytes for Chunk::new
# Possible reasons:
#   The system is out of physical RAM or swap space
#   The process is running with CompressedOops enabled, and the Java Heap may be blocking the growth of the native heap
# Possible solutions:
#   Reduce memory load on the system
#   Increase physical memory or swap space
#   Check if swap backing store is full
#   Decrease Java heap size (-Xmx/-Xms)
#   Decrease number of Java threads
#   Decrease Java thread stack sizes (-Xss)
#   Set larger code cache with -XX:ReservedCodeCacheSize=
#   JVM is running with Unscaled Compressed Oops mode in which the Java heap is
#     placed in the first 4GB address space. The Java Heap base address is the
#     maximum limit for the native heap growth. Please use -XX:HeapBaseMinAddress
#     to set the Java Heap base and to place the Java Heap above 4GB virtual address.
# This output file may be truncated or incomplete.
#
#  Out of Memory Error (allocation.cpp:390), pid=15884, tid=0x0000000000003c54
#
# JRE version: Java(TM) SE Runtime Environment (8.0_201-b09) (build 1.8.0_201-b09)
# Java VM: Java HotSpot(TM) 64-Bit Server VM (25.201-b09 mixed mode windows-amd64 compressed oops)
# Failed to write core dump. Minidumps are not enabled by default on client versions of Windows
#

---------------  T H R E A D  ---------------

Current thread (0x00000000148d6000):  JavaThread "C2 CompilerThread0" daemon [_thread_in_native, id=15444, stack(0x0000000015900000,0x0000000015a00000)]

Stack: [0x0000000015900000,0x0000000015a00000]
[error occurred during error reporting (printing stack bounds), id 0xc0000005]

Native frames: (J=compiled Java code, j=interpreted, Vv=VM code, C=native code)


Current CompileTask:
C2: 951629 5078       4       org.springframework.util.ReflectionUtils::getDeclaredMethods (134 bytes)


---------------  P R O C E S S  ---------------

Java Threads: ( => current thread )
  0x00000000176e5000 JavaThread "http-nio-8080-AsyncTimeout" daemon [_thread_blocked, id=10040, stack(0x000000001ff40000,0x0000000020040000)]
  0x00000000176eb800 JavaThread "http-nio-8080-Acceptor-0" daemon [_thread_in_native, id=7952, stack(0x000000001fe40000,0x000000001ff40000)]
  0x00000000176e6800 JavaThread "http-nio-8080-ClientPoller-1" daemon [_thread_in_native, id=13436, stack(0x000000001fd40000,0x000000001fe40000)]
  0x00000000176eb000 JavaThread "http-nio-8080-ClientPoller-0" daemon [_thread_in_native, id=15096, stack(0x000000001fc40000,0x000000001fd40000)]
  0x00000000176e9800 JavaThread "NioBlockingSelector.BlockPoller-3" daemon [_thread_in_native, id=13248, stack(0x000000001fb40000,0x000000001fc40000)]
  0x00000000176e8800 JavaThread "File Watcher" daemon [_thread_blocked, id=4028, stack(0x000000001fa40000,0x000000001fb40000)]
  0x00000000176e3800 JavaThread "container-0" [_thread_blocked, id=7092, stack(0x000000001f940000,0x000000001fa40000)]
  0x00000000176e7000 JavaThread "ContainerBackgroundProcessor[StandardEngine[Tomcat]]" daemon [_thread_blocked, id=13448, stack(0x000000001f840000,0x000000001f940000)]
  0x00000000176e5800 JavaThread "localhost-startStop-1" daemon [_thread_blocked, id=14524, stack(0x000000001f740000,0x000000001f840000)]
  0x00000000176e4000 JavaThread "Tomcat-startStop-1" daemon [_thread_blocked, id=14028, stack(0x000000001f640000,0x000000001f740000)]
  0x00000000174a9800 JavaThread "DestroyJavaVM" [_thread_blocked, id=2488, stack(0x0000000002310000,0x0000000002410000)]
  0x0000000015dbe000 JavaThread "Live Reload Server" daemon [_thread_in_native, id=6412, stack(0x000000001bca0000,0x000000001bda0000)]
  0x0000000014948800 JavaThread "Service Thread" daemon [_thread_blocked, id=6060, stack(0x0000000015b00000,0x0000000015c00000)]
  0x00000000148da000 JavaThread "C1 CompilerThread1" daemon [_thread_blocked, id=2196, stack(0x0000000015a00000,0x0000000015b00000)]
=>0x00000000148d6000 JavaThread "C2 CompilerThread0" daemon [_thread_in_native, id=15444, stack(0x0000000015900000,0x0000000015a00000)]
  0x00000000148d2000 JavaThread "Attach Listener" daemon [_thread_blocked, id=12888, stack(0x0000000015800000,0x0000000015900000)]
  0x00000000148d1000 JavaThread "Signal Dispatcher" daemon [_thread_blocked, id=15396, stack(0x0000000015700000,0x0000000015800000)]
  0x000000000250a800 JavaThread "Finalizer" daemon [_thread_blocked, id=3032, stack(0x0000000015510000,0x0000000015610000)]
  0x00000000148b8000 JavaThread "Reference Handler" daemon [_thread_blocked, id=11560, stack(0x0000000015410000,0x0000000015510000)]

Other Threads:
  0x0000000014896800 VMThread [stack: 0x0000000015310000,0x0000000015410000] [id=1044]
  0x000000001494c000 WatcherThread [stack: 0x0000000015c00000,0x0000000015d00000] [id=6204]

VM state:not at safepoint (normal execution)

VM Mutex/Monitor currently owned by a thread: None

heap address: 0x00000000c1600000, size: 1002 MB, Compressed Oops mode: 32-bit
Narrow klass base: 0x0000000000000000, Narrow klass shift: 3
Compressed class space size: 1073741824 Address: 0x0000000100000000

Heap:
 PSYoungGen      total 161792K, used 5977K [0x00000000eb200000, 0x00000000f9a00000, 0x0000000100000000)
  eden space 148480K, 1% used [0x00000000eb200000,0x00000000eb4e03a0,0x00000000f4300000)
  from space 13312K, 22% used [0x00000000f4f80000,0x00000000f5276408,0x00000000f5c80000)
  to   space 12800K, 0% used [0x00000000f4300000,0x00000000f4300000,0x00000000f4f80000)
 ParOldGen       total 54784K, used 21258K [0x00000000c1600000, 0x00000000c4b80000, 0x00000000eb200000)
  object space 54784K, 38% used [0x00000000c1600000,0x00000000c2ac2880,0x00000000c4b80000)
 Metaspace       used 37527K, capacity 37936K, committed 38144K, reserved 1083392K
  class space    used 4464K, capacity 4595K, committed 4608K, reserved 1048576K

Card table byte_map: [0x00000000118d0000,0x0000000011ad0000] byte_map_base: 0x00000000112c5000

Marking Bits: (ParMarkBitMap*) 0x00000000691f4ce0
 Begin Bits: [0x0000000011e20000, 0x0000000012dc8000)
 End Bits:   [0x0000000012dc8000, 0x0000000013d70000)

Polling page: 0x0000000000650000

CodeCache: size=245760Kb used=17684Kb max_used=17684Kb free=228075Kb
 bounds [0x0000000002510000, 0x0000000003670000, 0x0000000011510000]
 total_blobs=5004 nmethods=4320 adapters=597
 compilation: enabled

Compilation events (10 events):
Event: 948.908 Thread 0x00000000148da000 5157       2       org.springframework.jmx.export.annotation.AnnotationJmxAttributeSource::getManagedResource (114 bytes)
Event: 948.909 Thread 0x00000000148da000 nmethod 5157 0x0000000003668bd0 code [0x0000000003668e00, 0x0000000003669528]
Event: 948.916 Thread 0x00000000148da000 5159       2       java.util.LinkedHashMap::clear (15 bytes)
Event: 948.917 Thread 0x00000000148da000 nmethod 5159 0x0000000003669a90 code [0x0000000003669c00, 0x0000000003669da8]
Event: 949.014 Thread 0x00000000148da000 5160       2       org.springframework.context.event.GenericApplicationListenerAdapter::supportsEventType (65 bytes)
Event: 949.015 Thread 0x00000000148da000 nmethod 5160 0x0000000003669e50 code [0x0000000003669fe0, 0x000000000366a368]
Event: 949.118 Thread 0x00000000148da000 5161       2       sun.net.www.protocol.jar.URLJarFile::close (22 bytes)
Event: 949.119 Thread 0x00000000148da000 nmethod 5161 0x000000000366a550 code [0x000000000366a6c0, 0x000000000366a898]
Event: 949.121 Thread 0x00000000148da000 5162       2       java.util.zip.Inflater::finalize (5 bytes)
Event: 949.122 Thread 0x00000000148da000 nmethod 5162 0x000000000366a990 code [0x000000000366ab00, 0x000000000366ac68]

GC Heap History (10 events):
Event: 913.925 GC heap before
{Heap before GC invocations=18 (full 3):
 PSYoungGen      total 114688K, used 2434K [0x00000000eb200000, 0x00000000f5f00000, 0x0000000100000000)
  eden space 101376K, 0% used [0x00000000eb200000,0x00000000eb200000,0x00000000f1500000)
  from space 13312K, 18% used [0x00000000f1500000,0x00000000f1760a80,0x00000000f2200000)
  to   space 13312K, 0% used [0x00000000f5200000,0x00000000f5200000,0x00000000f5f00000)
 ParOldGen       total 54784K, used 20673K [0x00000000c1600000, 0x00000000c4b80000, 0x00000000eb200000)
  object space 54784K, 37% used [0x00000000c1600000,0x00000000c2a304e8,0x00000000c4b80000)
 Metaspace       used 36882K, capacity 37228K, committed 37632K, reserved 1083392K
  class space    used 4442K, capacity 4560K, committed 4608K, reserved 1048576K
Event: 915.248 GC heap after
Heap after GC invocations=18 (full 3):
 PSYoungGen      total 114688K, used 0K [0x00000000eb200000, 0x00000000f5f00000, 0x0000000100000000)
  eden space 101376K, 0% used [0x00000000eb200000,0x00000000eb200000,0x00000000f1500000)
  from space 13312K, 0% used [0x00000000f1500000,0x00000000f1500000,0x00000000f2200000)
  to   space 13312K, 0% used [0x00000000f5200000,0x00000000f5200000,0x00000000f5f00000)
 ParOldGen       total 54784K, used 21346K [0x00000000c1600000, 0x00000000c4b80000, 0x00000000eb200000)
  object space 54784K, 38% used [0x00000000c1600000,0x00000000c2ad8bd8,0x00000000c4b80000)
 Metaspace       used 36882K, capacity 37228K, committed 37632K, reserved 1083392K
  class space    used 4442K, capacity 4560K, committed 4608K, reserved 1048576K
}
Event: 922.611 GC heap before
{Heap before GC invocations=19 (full 3):
 PSYoungGen      total 114688K, used 101376K [0x00000000eb200000, 0x00000000f5f00000, 0x0000000100000000)
  eden space 101376K, 100% used [0x00000000eb200000,0x00000000f1500000,0x00000000f1500000)
  from space 13312K, 0% used [0x00000000f1500000,0x00000000f1500000,0x00000000f2200000)
  to   space 13312K, 0% used [0x00000000f5200000,0x00000000f5200000,0x00000000f5f00000)
 ParOldGen       total 54784K, used 21346K [0x00000000c1600000, 0x00000000c4b80000, 0x00000000eb200000)
  object space 54784K, 38% used [0x00000000c1600000,0x00000000c2ad8bd8,0x00000000c4b80000)
 Metaspace       used 36983K, capacity 37386K, committed 37888K, reserved 1083392K
  class space    used 4446K, capacity 4565K, committed 4608K, reserved 1048576K
Event: 922.626 GC heap after
Heap after GC invocations=19 (full 3):
 PSYoungGen      total 158720K, used 2425K [0x00000000eb200000, 0x00000000f5c80000, 0x0000000100000000)
  eden space 147968K, 0% used [0x00000000eb200000,0x00000000eb200000,0x00000000f4280000)
  from space 10752K, 22% used [0x00000000f5200000,0x00000000f545e408,0x00000000f5c80000)
  to   space 13312K, 0% used [0x00000000f4280000,0x00000000f4280000,0x00000000f4f80000)
 ParOldGen       total 54784K, used 21354K [0x00000000c1600000, 0x00000000c4b80000, 0x00000000eb200000)
  object space 54784K, 38% used [0x00000000c1600000,0x00000000c2adabd8,0x00000000c4b80000)
 Metaspace       used 36983K, capacity 37386K, committed 37888K, reserved 1083392K
  class space    used 4446K, capacity 4565K, committed 4608K, reserved 1048576K
}
Event: 937.964 GC heap before
{Heap before GC invocations=20 (full 3):
 PSYoungGen      total 158720K, used 62352K [0x00000000eb200000, 0x00000000f5c80000, 0x0000000100000000)
  eden space 147968K, 40% used [0x00000000eb200000,0x00000000eec85f58,0x00000000f4280000)
  from space 10752K, 22% used [0x00000000f5200000,0x00000000f545e408,0x00000000f5c80000)
  to   space 13312K, 0% used [0x00000000f4280000,0x00000000f4280000,0x00000000f4f80000)
 ParOldGen       total 54784K, used 21354K [0x00000000c1600000, 0x00000000c4b80000, 0x00000000eb200000)
  object space 54784K, 38% used [0x00000000c1600000,0x00000000c2adabd8,0x00000000c4b80000)
 Metaspace       used 37310K, capacity 37724K, committed 38144K, reserved 1083392K
  class space    used 4448K, capacity 4569K, committed 4608K, reserved 1048576K
Event: 937.989 GC heap after
Heap after GC invocations=20 (full 3):
 PSYoungGen      total 161280K, used 1344K [0x00000000eb200000, 0x00000000f5c80000, 0x0000000100000000)
  eden space 147968K, 0% used [0x00000000eb200000,0x00000000eb200000,0x00000000f4280000)
  from space 13312K, 10% used [0x00000000f4280000,0x00000000f43d0000,0x00000000f4f80000)
  to   space 13312K, 0% used [0x00000000f4f80000,0x00000000f4f80000,0x00000000f5c80000)
 ParOldGen       total 54784K, used 21882K [0x00000000c1600000, 0x00000000c4b80000, 0x00000000eb200000)
  object space 54784K, 39% used [0x00000000c1600000,0x00000000c2b5ebd8,0x00000000c4b80000)
 Metaspace       used 37310K, capacity 37724K, committed 38144K, reserved 1083392K
  class space    used 4448K, capacity 4569K, committed 4608K, reserved 1048576K
}
Event: 937.989 GC heap before
{Heap before GC invocations=21 (full 4):
 PSYoungGen      total 161280K, used 1344K [0x00000000eb200000, 0x00000000f5c80000, 0x0000000100000000)
  eden space 147968K, 0% used [0x00000000eb200000,0x00000000eb200000,0x00000000f4280000)
  from space 13312K, 10% used [0x00000000f4280000,0x00000000f43d0000,0x00000000f4f80000)
  to   space 13312K, 0% used [0x00000000f4f80000,0x00000000f4f80000,0x00000000f5c80000)
 ParOldGen       total 54784K, used 21882K [0x00000000c1600000, 0x00000000c4b80000, 0x00000000eb200000)
  object space 54784K, 39% used [0x00000000c1600000,0x00000000c2b5ebd8,0x00000000c4b80000)
 Metaspace       used 37310K, capacity 37724K, committed 38144K, reserved 1083392K
  class space    used 4448K, capacity 4569K, committed 4608K, reserved 1048576K
Event: 938.793 GC heap after
Heap after GC invocations=21 (full 4):
 PSYoungGen      total 161280K, used 0K [0x00000000eb200000, 0x00000000f5c80000, 0x0000000100000000)
  eden space 147968K, 0% used [0x00000000eb200000,0x00000000eb200000,0x00000000f4280000)
  from space 13312K, 0% used [0x00000000f4280000,0x00000000f4280000,0x00000000f4f80000)
  to   space 13312K, 0% used [0x00000000f4f80000,0x00000000f4f80000,0x00000000f5c80000)
 ParOldGen       total 54784K, used 21250K [0x00000000c1600000, 0x00000000c4b80000, 0x00000000eb200000)
  object space 54784K, 38% used [0x00000000c1600000,0x00000000c2ac0880,0x00000000c4b80000)
 Metaspace       used 37310K, capacity 37724K, committed 38144K, reserved 1083392K
  class space    used 4448K, capacity 4569K, committed 4608K, reserved 1048576K
}
Event: 949.061 GC heap before
{Heap before GC invocations=22 (full 4):
 PSYoungGen      total 161280K, used 147968K [0x00000000eb200000, 0x00000000f5c80000, 0x0000000100000000)
  eden space 147968K, 100% used [0x00000000eb200000,0x00000000f4280000,0x00000000f4280000)
  from space 13312K, 0% used [0x00000000f4280000,0x00000000f4280000,0x00000000f4f80000)
  to   space 13312K, 0% used [0x00000000f4f80000,0x00000000f4f80000,0x00000000f5c80000)
 ParOldGen       total 54784K, used 21250K [0x00000000c1600000, 0x00000000c4b80000, 0x00000000eb200000)
  object space 54784K, 38% used [0x00000000c1600000,0x00000000c2ac0880,0x00000000c4b80000)
 Metaspace       used 37526K, capacity 37936K, committed 38144K, reserved 1083392K
  class space    used 4464K, capacity 4595K, committed 4608K, reserved 1048576K
Event: 949.113 GC heap after
Heap after GC invocations=22 (full 4):
 PSYoungGen      total 161792K, used 3033K [0x00000000eb200000, 0x00000000f9a00000, 0x0000000100000000)
  eden space 148480K, 0% used [0x00000000eb200000,0x00000000eb200000,0x00000000f4300000)
  from space 13312K, 22% used [0x00000000f4f80000,0x00000000f5276408,0x00000000f5c80000)
  to   space 12800K, 0% used [0x00000000f4300000,0x00000000f4300000,0x00000000f4f80000)
 ParOldGen       total 54784K, used 21258K [0x00000000c1600000, 0x00000000c4b80000, 0x00000000eb200000)
  object space 54784K, 38% used [0x00000000c1600000,0x00000000c2ac2880,0x00000000c4b80000)
 Metaspace       used 37526K, capacity 37936K, committed 38144K, reserved 1083392K
  class space    used 4464K, capacity 4595K, committed 4608K, reserved 1048576K
}

Deoptimization events (10 events):
Event: 915.721 Thread 0x00000000176e8000 Uncommon trap: reason=bimorphic action=maybe_recompile pc=0x0000000002f7d9d0 method=java.util.TreeMap.getEntryUsingComparator(Ljava/lang/Object;)Ljava/util/TreeMap$Entry; @ 29
Event: 915.816 Thread 0x00000000176e8000 Uncommon trap: reason=bimorphic action=maybe_recompile pc=0x00000000032aa068 method=java.util.AbstractCollection.containsAll(Ljava/util/Collection;)Z @ 1
Event: 920.771 Thread 0x00000000176e8000 Uncommon trap: reason=null_check action=make_not_entrant pc=0x000000000276a4a0 method=org.springframework.util.ClassUtils.isAssignable(Ljava/lang/Class;Ljava/lang/Class;)Z @ 14
Event: 925.428 Thread 0x00000000176e8000 Uncommon trap: reason=unstable_if action=reinterpret pc=0x0000000002edf20c method=org.springframework.asm.Frame.execute(IILorg/springframework/asm/ClassWriter;Lorg/springframework/asm/Item;)V @ 1936
Event: 925.432 Thread 0x00000000176e8000 Uncommon trap: reason=unstable_if action=reinterpret pc=0x0000000002f9e854 method=org.springframework.asm.MethodWriter.visitFrame(Lorg/springframework/asm/Frame;)V @ 38
Event: 925.433 Thread 0x00000000176e8000 Uncommon trap: reason=unstable_if action=reinterpret pc=0x0000000002f46278 method=org.springframework.asm.Frame.merge(Lorg/springframework/asm/ClassWriter;Lorg/springframework/asm/Frame;I)Z @ 49
Event: 925.433 Thread 0x00000000176e8000 Uncommon trap: reason=unstable_if action=reinterpret pc=0x0000000002aa0d4c method=org.springframework.asm.Frame.merge(Lorg/springframework/asm/ClassWriter;I[II)Z @ 36
Event: 928.471 Thread 0x00000000176e8000 Uncommon trap: reason=unstable_if action=reinterpret pc=0x00000000032bd034 method=org.springframework.core.annotation.AnnotatedElementUtils.searchWithFindSemantics(Ljava/lang/reflect/AnnotatedElement;Ljava/lang/Class;Ljava/lang/String;Ljava/lang/Class;Lor
Event: 934.044 Thread 0x00000000176e3800 Uncommon trap: reason=bimorphic action=maybe_recompile pc=0x00000000032a9f8c method=java.util.AbstractCollection.containsAll(Ljava/util/Collection;)Z @ 25
Event: 939.349 Thread 0x00000000176e8000 Uncommon trap: reason=bimorphic action=maybe_recompile pc=0x0000000002f7d9d0 method=java.util.TreeMap.getEntryUsingComparator(Ljava/lang/Object;)Ljava/util/TreeMap$Entry; @ 29

Classes redefined (0 events):
No events

Internal exceptions (10 events):
Event: 946.741 Thread 0x00000000176e8000 Exception <a 'java/lang/ClassNotFoundException': java/lang/ObjectCustomizer> (0x00000000f26c4c30) thrown at [C:\re\workspace\8-2-build-windows-amd64-cygwin\jdk8u201\12322\hotspot\src\share\vm\classfile\systemDictionary.cpp, line 210]
Event: 946.743 Thread 0x00000000176e8000 Exception <a 'java/lang/ClassNotFoundException': org/launchcode/TechjobsApplicationCustomizer> (0x00000000f26db818) thrown at [C:\re\workspace\8-2-build-windows-amd64-cygwin\jdk8u201\12322\hotspot\src\share\vm\classfile\systemDictionary.cpp, line 210]
Event: 946.747 Thread 0x00000000176e8000 Exception <a 'java/lang/ClassNotFoundException': org/launchcode/TechjobsApplication$$EnhancerBySpringCGLIB$$a2f982abCustomizer> (0x00000000f26f58a8) thrown at [C:\re\workspace\8-2-build-windows-amd64-cygwin\jdk8u201\12322\hotspot\src\share\vm\classfile\sy
Event: 946.750 Thread 0x00000000176e8000 Exception <a 'java/lang/ClassNotFoundException': org/springframework/context/annotation/ConfigurationClassEnhancer$EnhancedConfigurationCustomizer> (0x00000000f2b6a628) thrown at [C:\re\workspace\8-2-build-windows-amd64-cygwin\jdk8u201\12322\hotspot\src\s
Event: 946.755 Thread 0x00000000176e8000 Exception <a 'java/lang/ClassNotFoundException': java/lang/ObjectCustomizer> (0x00000000f2b7d600) thrown at [C:\re\workspace\8-2-build-windows-amd64-cygwin\jdk8u201\12322\hotspot\src\share\vm\classfile\systemDictionary.cpp, line 210]
Event: 946.758 Thread 0x00000000176e8000 Exception <a 'java/lang/ClassNotFoundException': org/launchcode/controllers/HomeControllerCustomizer> (0x00000000f2b94d80) thrown at [C:\re\workspace\8-2-build-windows-amd64-cygwin\jdk8u201\12322\hotspot\src\share\vm\classfile\systemDictionary.cpp, line 2
Event: 946.765 Thread 0x00000000176e8000 Exception <a 'java/lang/ClassNotFoundException': java/lang/ObjectCustomizer> (0x00000000f2bacab0) thrown at [C:\re\workspace\8-2-build-windows-amd64-cygwin\jdk8u201\12322\hotspot\src\share\vm\classfile\systemDictionary.cpp, line 210]
Event: 946.769 Thread 0x00000000176e8000 Exception <a 'java/lang/ClassNotFoundException': org/launchcode/controllers/ListControllerCustomizer> (0x00000000f2bc4230) thrown at [C:\re\workspace\8-2-build-windows-amd64-cygwin\jdk8u201\12322\hotspot\src\share\vm\classfile\systemDictionary.cpp, line 2
Event: 946.779 Thread 0x00000000176e8000 Exception <a 'java/lang/ClassNotFoundException': java/lang/ObjectCustomizer> (0x00000000f2bdbfc8) thrown at [C:\re\workspace\8-2-build-windows-amd64-cygwin\jdk8u201\12322\hotspot\src\share\vm\classfile\systemDictionary.cpp, line 210]
Event: 946.781 Thread 0x00000000176e8000 Exception <a 'java/lang/ClassNotFoundException': org/launchcode/controllers/SearchControllerCustomizer> (0x00000000f2bf3b40) thrown at [C:\re\workspace\8-2-build-windows-amd64-cygwin\jdk8u201\12322\hotspot\src\share\vm\classfile\systemDictionary.cpp, line

Events (10 events):
Event: 949.057 Executing VM operation: RevokeBias done
Event: 949.059 Thread 0x00000000176ea000 Thread exited: 0x00000000176ea000
Event: 949.061 Executing VM operation: ParallelGCFailedAllocation
Event: 949.113 Executing VM operation: ParallelGCFailedAllocation done
Event: 949.117 Executing VM operation: RevokeBias
Event: 949.117 Executing VM operation: RevokeBias done
Event: 949.117 Executing VM operation: RevokeBias
Event: 949.118 Executing VM operation: RevokeBias done
Event: 949.119 Executing VM operation: RevokeBias
Event: 949.119 Executing VM operation: RevokeBias done


Dynamic libraries:
0x00007ff6706f0000 - 0x00007ff670727000 	C:\Program Files\Java\jdk1.8.0_201\bin\java.exe
0x00007ffd02ee0000 - 0x00007ffd030bb000 	C:\WINDOWS\SYSTEM32\ntdll.dll
0x00007ffd00c00000 - 0x00007ffd00cae000 	C:\WINDOWS\System32\KERNEL32.DLL
0x00007ffcff400000 - 0x00007ffcff64a000 	C:\WINDOWS\System32\KERNELBASE.dll
0x00007ffd015c0000 - 0x00007ffd01661000 	C:\WINDOWS\System32\ADVAPI32.dll
0x00007ffd00f90000 - 0x00007ffd0102d000 	C:\WINDOWS\System32\msvcrt.dll
0x00007ffd01840000 - 0x00007ffd01899000 	C:\WINDOWS\System32\sechost.dll
0x00007ffd01440000 - 0x00007ffd01565000 	C:\WINDOWS\System32\RPCRT4.dll
0x00007ffd004f0000 - 0x00007ffd0063a000 	C:\WINDOWS\System32\USER32.dll
0x00007ffcff700000 - 0x00007ffcff71e000 	C:\WINDOWS\System32\win32u.dll
0x00007ffd01580000 - 0x00007ffd015a7000 	C:\WINDOWS\System32\GDI32.dll
0x00007ffd00040000 - 0x00007ffd001c8000 	C:\WINDOWS\System32\gdi32full.dll
0x00007ffd001d0000 - 0x00007ffd0026a000 	C:\WINDOWS\System32\msvcp_win.dll
0x00007ffcfff40000 - 0x00007ffd00036000 	C:\WINDOWS\System32\ucrtbase.dll
0x00007ffcf4210000 - 0x00007ffcf4477000 	C:\WINDOWS\WinSxS\amd64_microsoft.windows.common-controls_6595b64144ccf1df_6.0.15063.1155_none_40c7922129a7722b\COMCTL32.dll
0x00007ffd01120000 - 0x00007ffd01419000 	C:\WINDOWS\System32\combase.dll
0x00007ffcffed0000 - 0x00007ffcfff3a000 	C:\WINDOWS\System32\bcryptPrimitives.dll
0x00007ffd00640000 - 0x00007ffd0066d000 	C:\WINDOWS\System32\IMM32.DLL
0x0000000069280000 - 0x0000000069351000 	C:\Program Files\Java\jdk1.8.0_201\jre\bin\msvcr100.dll
0x00000000689d0000 - 0x0000000069274000 	C:\Program Files\Java\jdk1.8.0_201\jre\bin\server\jvm.dll
0x00007ffd01570000 - 0x00007ffd01578000 	C:\WINDOWS\System32\PSAPI.DLL
0x00007ffcf7f20000 - 0x00007ffcf7f29000 	C:\WINDOWS\SYSTEM32\WSOCK32.dll
0x00007ffcfd960000 - 0x00007ffcfd983000 	C:\WINDOWS\SYSTEM32\WINMM.dll
0x00007ffd00d50000 - 0x00007ffd00dbc000 	C:\WINDOWS\System32\WS2_32.dll
0x00007ffcf1180000 - 0x00007ffcf118a000 	C:\WINDOWS\SYSTEM32\VERSION.dll
0x00007ffcfd900000 - 0x00007ffcfd92b000 	C:\WINDOWS\SYSTEM32\WINMMBASE.dll
0x00007ffcff650000 - 0x00007ffcff699000 	C:\WINDOWS\System32\cfgmgr32.dll
0x00007ffcfda10000 - 0x00007ffcfda1f000 	C:\Program Files\Java\jdk1.8.0_201\jre\bin\verify.dll
0x00007ffcf6e50000 - 0x00007ffcf6e79000 	C:\Program Files\Java\jdk1.8.0_201\jre\bin\java.dll
0x00007ffcf8350000 - 0x00007ffcf8366000 	C:\Program Files\Java\jdk1.8.0_201\jre\bin\zip.dll
0x00007ffd01aa0000 - 0x00007ffd02ed8000 	C:\WINDOWS\System32\SHELL32.dll
0x00007ffd00440000 - 0x00007ffd004ea000 	C:\WINDOWS\System32\shcore.dll
0x00007ffcff7d0000 - 0x00007ffcffec1000 	C:\WINDOWS\System32\windows.storage.dll
0x00007ffd00dc0000 - 0x00007ffd00e11000 	C:\WINDOWS\System32\shlwapi.dll
0x00007ffcff390000 - 0x00007ffcff3a1000 	C:\WINDOWS\System32\kernel.appcore.dll
0x00007ffcff3b0000 - 0x00007ffcff3fc000 	C:\WINDOWS\System32\powrprof.dll
0x00007ffcff370000 - 0x00007ffcff385000 	C:\WINDOWS\System32\profapi.dll
0x00007ffcfda30000 - 0x00007ffcfda3d000 	C:\Program Files\Java\jdk1.8.0_201\jre\bin\management.dll
0x00007ffcf7b20000 - 0x00007ffcf7b3a000 	C:\Program Files\Java\jdk1.8.0_201\jre\bin\net.dll
0x00007ffcf5720000 - 0x00007ffcf58e8000 	C:\WINDOWS\SYSTEM32\urlmon.dll
0x00007ffcf58f0000 - 0x00007ffcf5b85000 	C:\WINDOWS\SYSTEM32\iertutil.dll
0x00007ffcfedc0000 - 0x00007ffcfedcb000 	C:\WINDOWS\SYSTEM32\CRYPTBASE.DLL
0x00007ffcfec00000 - 0x00007ffcfec5c000 	C:\WINDOWS\system32\mswsock.dll
0x00007ffcdfd10000 - 0x00007ffcdfd26000 	C:\WINDOWS\system32\napinsp.dll
0x00007ffcdd240000 - 0x00007ffcdd25a000 	C:\WINDOWS\system32\pnrpnsp.dll
0x00007ffcfc220000 - 0x00007ffcfc238000 	C:\WINDOWS\system32\NLAapi.dll
0x00007ffcfe9e0000 - 0x00007ffcfea84000 	C:\WINDOWS\SYSTEM32\DNSAPI.dll
0x00007ffd015b0000 - 0x00007ffd015b8000 	C:\WINDOWS\System32\NSI.dll
0x00007ffcfe9a0000 - 0x00007ffcfe9d7000 	C:\WINDOWS\SYSTEM32\IPHLPAPI.DLL
0x00007ffcef700000 - 0x00007ffcef70e000 	C:\WINDOWS\System32\winrnr.dll
0x00007ffcdcfe0000 - 0x00007ffcdcff5000 	C:\WINDOWS\System32\wshbth.dll
0x00007ffcecd30000 - 0x00007ffcecd3a000 	C:\Windows\System32\rasadhlp.dll
0x00007ffcf1930000 - 0x00007ffcf199b000 	C:\WINDOWS\System32\fwpuclnt.dll
0x00007ffcff220000 - 0x00007ffcff245000 	C:\WINDOWS\SYSTEM32\bcrypt.dll
0x00007ffcf3460000 - 0x00007ffcf3471000 	C:\Program Files\Java\jdk1.8.0_201\jre\bin\nio.dll
0x00007ffcfeda0000 - 0x00007ffcfedb7000 	C:\WINDOWS\SYSTEM32\CRYPTSP.dll
0x00007ffcfe810000 - 0x00007ffcfe844000 	C:\WINDOWS\system32\rsaenh.dll
0x00007ffcff250000 - 0x00007ffcff279000 	C:\WINDOWS\SYSTEM32\USERENV.dll
0x00007ffcf4f40000 - 0x00007ffcf4f56000 	C:\WINDOWS\SYSTEM32\dhcpcsvc6.DLL
0x00007ffcf56a0000 - 0x00007ffcf56ba000 	C:\WINDOWS\SYSTEM32\dhcpcsvc.DLL

VM Arguments:
jvm_args: -Dfile.encoding=windows-1252 -Duser.country=US -Duser.language=en -Duser.variant 
java_command: org.launchcode.TechjobsApplication
java_class_path (initial): C:\Users\dasha\IdeaProjects\techjobs\src\main\resources;C:\Users\dasha\IdeaProjects\techjobs\build\classes\main;C:\Users\dasha\IdeaProjects\techjobs\build\resources\main;C:\Users\dasha\.gradle\caches\modules-2\files-2.1\org.springframework.boot\spring-boot-starter-thymeleaf\1.4.4.RELEASE\43394238fa5cb949fc7d10e95a85a2b242ce286\spring-boot-starter-thymeleaf-1.4.4.RELEASE.jar;C:\Users\dasha\.gradle\caches\modules-2\files-2.1\org.springframework.boot\spring-boot-starter-web\1.4.4.RELEASE\66f844bd63c9a02b57d0eaebeb58a124cce9bba9\spring-boot-starter-web-1.4.4.RELEASE.jar;C:\Users\dasha\.gradle\caches\modules-2\files-2.1\org.springframework.boot\spring-boot-devtools\1.4.4.RELEASE\23fc0debe869336f40bbfd9cb89cfcf7c9eca05f\spring-boot-devtools-1.4.4.RELEASE.jar;C:\Users\dasha\.gradle\caches\modules-2\files-2.1\org.apache.commons\commons-csv\1.4\fc2512d2109144df353501266ac4bbe179058afd\commons-csv-1.4.jar;C:\Users\dasha\.gradle\caches\modules-2\files-2.1\org.springframework.boot\spring-boot-starter\1.4.4.RELEASE\71348c5eb769898f5fb43778cc3b2b41cd47ed85\spring-boot-starter-1.4.4.RELEASE.jar;C:\Users\dasha\.gradle\caches\modules-2\files-2.1\org.thymeleaf\thymeleaf-spring4\2.1.5.RELEASE\74cb9028e99597b5d71a98e919fd531a7fc290b4\thymeleaf-spring4-2.1.5.RELEASE.jar;C:\Users\dasha\.gradle\caches\modules-2\files-2.1\nz.net.ultraq.thymeleaf\thymeleaf-layout-dialect\1.4.0\8d7810c069ed1534b9631fb1e85c35973546086\thymeleaf-layout-dialect-1.4.0.jar;C:\Users\dasha\.gradle\caches\modules-2\files-2.1\org.springframework.boot\spring-boot-starter-tomcat\1.4.4.RELEASE\8c30a7786c4a8f9c66ef4f13125b4babbdbe71cb\spring-boot-starter-tomcat-1.4.4.RELEASE.jar;C:\Users\dasha\.gradle\caches\modules-2\files-2.1\org.hibernate\hibernate-validator\5.2.4.Final\fb18766b576aa6632bcfe9a20a023cbd52bf9769\hibernate-validator-5.2.4.Final.jar;C:\Users\dasha\.gradle\caches\modules-2\files-2.1\com.fasterxml.jackson.core\jackson-databind\2.8.6\c43de61f74ecc61322ef8f402837ba65b0aa2bf4\jacks
Launcher Type: SUN_STANDARD

Environment Variables:
PATH=C:\Program Files (x86)\Common Files\Oracle\Java\javapath;C:\ProgramData\Miniconda3;C:\ProgramData\Miniconda3\Library\mingw-w64\bin;C:\ProgramData\Miniconda3\Library\usr\bin;C:\ProgramData\Miniconda3\Library\bin;C:\ProgramData\Miniconda3\Scripts;C:\Program Files (x86)\Intel\TXE Components\TCS\;C:\Program Files\Intel\TXE Components\TCS\;C:\WINDOWS\system32;C:\WINDOWS;C:\WINDOWS\System32\Wbem;C:\WINDOWS\System32\WindowsPowerShell\v1.0\;C:\Program Files\Intel\TXE Components\DAL\;C:\Program Files (x86)\Intel\TXE Components\DAL\;C:\Program Files\Intel\TXE Components\IPT\;C:\Program Files (x86)\Intel\TXE Components\IPT\;C:\Program Files\Git\cmd;C:\Program Files\Java\jdk-11.0.2\bin;C:\Program Files\JetBrains\IntelliJ IDEA 2018.3.4\bin;C:\Program Files (x86)\Java\jdk-11.0.2\bin;;C:\Users\dasha\AppData\Local\Programs\Microsoft VS Code\bin
USERNAME=dasha
OS=Windows_NT
PROCESSOR_IDENTIFIER=Intel64 Family 6 Model 76 Stepping 4, GenuineIntel



---------------  S Y S T E M  ---------------

OS: Windows 10.0 , 64 bit Build 15063 (10.0.15063.1058)

CPU:total 2 (initial active 2) (2 cores per cpu, 1 threads per core) family 6 model 76 stepping 4, cmov, cx8, fxsr, mmx, sse, sse2, sse3, ssse3, sse4.1, sse4.2, popcnt, aes, clmul, erms, 3dnowpref, tsc, tscinvbit

Memory: 4k page, physical 4097616k(259004k free), swap 7037696k(4500k free)

vm_info: Java HotSpot(TM) 64-Bit Server VM (25.201-b09) for windows-amd64 JRE (1.8.0_201-b09), built on Dec 15 2018 18:36:39 by "java_re" with MS VC++ 10.0 (VS2010)

time: Mon Mar 04 21:09:42 2019
timezone: Eastern Standard Time
elapsed time: 951 seconds (0d 0h 15m 51s)

